f:\vcprojects\cutfruit\cutfruit\debug\vc140.pdb
f:\vcprojects\cutfruit\cutfruit\debug\vc140.idb
f:\vcprojects\cutfruit\cutfruit\debug\bitmap.obj
f:\vcprojects\cutfruit\cutfruit\debug\gameengine.obj
f:\vcprojects\cutfruit\cutfruit\debug\main.obj
f:\vcprojects\cutfruit\cutfruit\debug\mygameengine.obj
f:\vcprojects\cutfruit\debug\cutfruit.pdb
f:\vcprojects\cutfruit\cutfruit\debug\cutfruit.tlog\cl.command.1.tlog
f:\vcprojects\cutfruit\cutfruit\debug\cutfruit.tlog\cl.read.1.tlog
f:\vcprojects\cutfruit\cutfruit\debug\cutfruit.tlog\cl.write.1.tlog
f:\vcprojects\cutfruit\cutfruit\debug\cutfruit.tlog\link-cvtres.read.1.tlog
f:\vcprojects\cutfruit\cutfruit\debug\cutfruit.tlog\link-cvtres.write.1.tlog
f:\vcprojects\cutfruit\cutfruit\debug\cutfruit.tlog\link-rc.read.1.tlog
f:\vcprojects\cutfruit\cutfruit\debug\cutfruit.tlog\link-rc.write.1.tlog
f:\vcprojects\cutfruit\cutfruit\debug\cutfruit.tlog\link.16368-cvtres.read.1.tlog
f:\vcprojects\cutfruit\cutfruit\debug\cutfruit.tlog\link.16368-cvtres.write.1.tlog
f:\vcprojects\cutfruit\cutfruit\debug\cutfruit.tlog\link.16368-rc.read.1.tlog
f:\vcprojects\cutfruit\cutfruit\debug\cutfruit.tlog\link.16368-rc.write.1.tlog
f:\vcprojects\cutfruit\cutfruit\debug\cutfruit.tlog\link.16368.read.1.tlog
f:\vcprojects\cutfruit\cutfruit\debug\cutfruit.tlog\link.16368.write.1.tlog
f:\vcprojects\cutfruit\cutfruit\debug\cutfruit.tlog\link.command.1.tlog
f:\vcprojects\cutfruit\cutfruit\debug\cutfruit.tlog\link.read.1.tlog
f:\vcprojects\cutfruit\cutfruit\debug\cutfruit.tlog\link.write.1.tlog
